<?xml version="1.0" encoding="UTF-8"?>
<!-- Generated by org.testng.reporters.JUnitReportReporter -->
<testsuite ignored="0" hostname="MDs-MacBook-Air.local" failures="0" tests="1" name="test.gmaihomepagetest" time="1.366" errors="0" timestamp="25 Aug 2022 18:26:17 GMT" skipped="0">
  <testcase classname="test.gmaihomepagetest" name="gmailhomepagetest" time="1.366"/>
</testsuite> <!-- test.gmaihomepagetest -->
