<?xml version="1.0" encoding="UTF-8"?>
<!-- Generated by org.testng.reporters.JUnitReportReporter -->
<testsuite ignored="0" hostname="MDs-MacBook-Air.local" failures="0" tests="1" name="test.HomePageTest" time="0.706" errors="0" timestamp="22 Aug 2022 19:15:02 GMT" skipped="0">
  <testcase classname="test.HomePageTest" name="homepagetest" time="0.706"/>
</testsuite> <!-- test.HomePageTest -->
